d:\bsuir\ppovis\lb2\laba2\x64\debug\vc143.pdb
d:\bsuir\ppovis\lb2\laba2\x64\debug\vc143.idb
d:\bsuir\ppovis\lb2\laba2\x64\debug\stations.obj
d:\bsuir\ppovis\lb2\laba2\x64\debug\railwayfield.obj
d:\bsuir\ppovis\lb2\laba2\x64\debug\lb2.obj
d:\bsuir\ppovis\lb2\laba2\x64\debug\routes.obj
d:\bsuir\ppovis\lb2\laba2\x64\debug\trains.obj
d:\bsuir\ppovis\lb2\laba2\x64\debug\laba2.exe
d:\bsuir\ppovis\lb2\laba2\x64\debug\laba2.ilk
d:\bsuir\ppovis\lb2\laba2\x64\debug\laba2.pdb
d:\bsuir\ppovis\lb2\laba2\x64\debug\lb2.obj.enc
d:\bsuir\ppovis\lb2\laba2\x64\debug\railwayfield.obj.enc
d:\bsuir\ppovis\lb2\laba2\x64\debug\stations.obj.enc
d:\bsuir\ppovis\lb2\laba2\x64\debug\trains.obj.enc
d:\bsuir\ppovis\lb2\laba2\x64\debug\laba2.tlog\cl.command.1.tlog
d:\bsuir\ppovis\lb2\laba2\x64\debug\laba2.tlog\cl.read.1.tlog
d:\bsuir\ppovis\lb2\laba2\x64\debug\laba2.tlog\cl.write.1.tlog
d:\bsuir\ppovis\lb2\laba2\x64\debug\laba2.tlog\link.command.1.tlog
d:\bsuir\ppovis\lb2\laba2\x64\debug\laba2.tlog\link.read.1.tlog
d:\bsuir\ppovis\lb2\laba2\x64\debug\laba2.tlog\link.write.1.tlog
